2025-09-12 14:53:37,006 INFO Loading data....
2025-09-12 15:02:09,277 INFO Loading data....
2025-09-12 15:05:01,664 INFO Loading data....
2025-09-12 15:05:24,952 INFO ##### Trial 0
2025-09-12 15:05:25,019 INFO Creating dls....
2025-09-12 15:05:26,343 INFO Loading pretrained weights from Hugging Face hub (timm/resnet18.a1_in1k)
2025-09-12 15:05:28,128 INFO [timm/resnet18.a1_in1k] Safe alternative available for 'pytorch_model.bin' (as 'model.safetensors'). Loading weights using safetensors.
2025-09-12 15:34:02,085 INFO Loading data....
2025-09-12 15:36:42,496 INFO Loading data....
2025-09-12 15:37:03,383 INFO ##### Trial 0
2025-09-12 15:37:03,442 INFO Creating dls....
2025-09-12 15:37:05,702 INFO Loading pretrained weights from Hugging Face hub (timm/resnet18.a1_in1k)
2025-09-12 15:37:06,227 INFO [timm/resnet18.a1_in1k] Safe alternative available for 'pytorch_model.bin' (as 'model.safetensors'). Loading weights using safetensors.
2025-09-12 15:41:09,250 INFO Loading data....
2025-09-12 15:41:28,434 INFO ##### Trial 0
2025-09-12 15:41:28,490 INFO Creating dls....
2025-09-12 15:41:29,899 INFO Loading pretrained weights from Hugging Face hub (timm/resnet18.a1_in1k)
2025-09-12 15:41:30,544 INFO [timm/resnet18.a1_in1k] Safe alternative available for 'pytorch_model.bin' (as 'model.safetensors'). Loading weights using safetensors.
2025-09-12 15:44:57,998 INFO LR gefunden.
2025-09-12 15:51:23,898 INFO Trial-Training beendet.
2025-09-12 15:51:36,315 INFO Bestes Modell gespeichert: models\resnet18\best_resnet18_trial_0.pth
